e:\cpppro\win32project1\debug\win32project1.pch
e:\cpppro\win32project1\debug\vc120.pdb
e:\cpppro\win32project1\debug\vc120.idb
e:\cpppro\win32project1\debug\stdafx.obj
e:\cpppro\win32project1\debug\t3dlib1.obj
e:\cpppro\win32project1\debug\demo_8_10_console.obj
e:\cpppro\win32project1\debug\win32project1.obj
e:\cpppro\win32project1\debug\win32project1.ilk
e:\cpppro\win32project1\debug\win32project1.exe
e:\cpppro\win32project1\debug\win32project1.pdb
e:\cpppro\win32project1\debug\win32project1.res
e:\cpppro\win32project1\debug\win32project1.tlog\cl.command.1.tlog
e:\cpppro\win32project1\debug\win32project1.tlog\cl.read.1.tlog
e:\cpppro\win32project1\debug\win32project1.tlog\cl.write.1.tlog
e:\cpppro\win32project1\debug\win32project1.tlog\link.command.1.tlog
e:\cpppro\win32project1\debug\win32project1.tlog\link.read.1.tlog
e:\cpppro\win32project1\debug\win32project1.tlog\link.write.1.tlog
e:\cpppro\win32project1\debug\win32project1.tlog\rc.command.1.tlog
e:\cpppro\win32project1\debug\win32project1.tlog\rc.read.1.tlog
e:\cpppro\win32project1\debug\win32project1.tlog\rc.write.1.tlog
