生成启动时间为 2015-1-27 16:48:38。
     1>项目“E:\cpppro\Win32Project1\Win32Project1.vcxproj”在节点 2 上(Build 个目标)。
     1>ClCompile:
         D:\Program Files (x86)\Microsoft Visual Studio 12.0\VC\bin\CL.exe /c /ZI /nologo /W3 /WX- /sdl /Od /Oy- /D WIN32 /D _DEBUG /D _WINDOWS /D _MBCS /Gm /EHsc /RTC1 /MDd /GS /fp:precise /Zc:wchar_t /Zc:forScope /Yu"stdafx.h" /Fp"Debug\Win32Project1.pch" /Fo"Debug\\" /Fd"Debug\vc120.pdb" /Gd /TP /analyze- /errorReport:prompt DEMO_8_10_CONSOLE.cpp
         DEMO_8_10_CONSOLE.cpp
     1>e:\cpppro\win32project1\demo_8_10_console.cpp(176): warning C4244: “参数”: 从“float”转换到“int”，可能丢失数据
     1>e:\cpppro\win32project1\demo_8_10_console.cpp(221): warning C4244: “=”: 从“int”转换到“float”，可能丢失数据
     1>e:\cpppro\win32project1\demo_8_10_console.cpp(230): warning C4244: “=”: 从“int”转换到“float”，可能丢失数据
     1>e:\cpppro\win32project1\demo_8_10_console.cpp(239): warning C4244: “=”: 从“int”转换到“float”，可能丢失数据
     1>e:\cpppro\win32project1\demo_8_10_console.cpp(98): warning C4101: “index”: 未引用的局部变量
       Link:
         D:\Program Files (x86)\Microsoft Visual Studio 12.0\VC\bin\link.exe /ERRORREPORT:PROMPT /OUT:"E:\cpppro\Win32Project1\Debug\Win32Project1.exe" /INCREMENTAL /NOLOGO winmm.lib dxguid.lib dsetup.lib dinput8.lib dsound.lib ddraw.lib comctl32.lib gdi32.lib kernel32.lib user32.lib gdi32.lib winspool.lib comdlg32.lib advapi32.lib shell32.lib ole32.lib oleaut32.lib uuid.lib odbc32.lib odbccp32.lib kernel32.lib user32.lib gdi32.lib winspool.lib comdlg32.lib advapi32.lib shell32.lib ole32.lib oleaut32.lib uuid.lib odbc32.lib odbccp32.lib /MANIFEST /MANIFESTUAC:"level='asInvoker' uiAccess='false'" /manifest:embed /DEBUG /PDB:"E:\cpppro\Win32Project1\Debug\Win32Project1.pdb" /SUBSYSTEM:WINDOWS /TLBID:1 /DYNAMICBASE /NXCOMPAT /IMPLIB:"E:\cpppro\Win32Project1\Debug\Win32Project1.lib" /MACHINE:X86 Debug\Win32Project1.res
         Debug\t3dlib1.obj
         Debug\DEMO_8_10_CONSOLE.obj
         Debug\stdafx.obj
         Debug\Win32Project1.obj
         Win32Project1.vcxproj -> E:\cpppro\Win32Project1\Debug\Win32Project1.exe
     1>已完成生成项目“E:\cpppro\Win32Project1\Win32Project1.vcxproj”(Build 个目标)的操作。

生成成功。

已用时间 00:00:00.44
